Build started 2017-01-11 22:45:12.
     1>Project "C:\Users\km64\Desktop\programowanie\Projekt_1\Projekt\Projekt\Projekt.vcxproj" on node 2 (Rebuild target(s)).
     1>ClCompile:
         C:\Program Files (x86)\Microsoft Visual Studio 12.0\VC\bin\CL.exe /c /ZI /nologo /W3 /WX- /sdl /Od /Oy- /D _MBCS /Gm /EHsc /RTC1 /MDd /GS /fp:precise /Zc:wchar_t /Zc:forScope /Fo"Debug\\" /Fd"Debug\vc120.pdb" /Gd /TP /analyze- /errorReport:prompt "..\..\..\12;00 11.1\Projekt\Projekt\Miecz.cpp" "..\..\..\12;00 11.1\Projekt\Projekt\Przedmiot.cpp" Barbazynca.cpp main.cpp Paladyn.cpp Postac.cpp Potwor.cpp Statystyki.cpp Wojownik.cpp
         Wojownik.cpp
         Statystyki.cpp
         Potwor.cpp
         Postac.cpp
         Paladyn.cpp
         main.cpp
     1>c:\users\km64\desktop\programowanie\projekt_1\projekt\projekt\main.cpp(10): warning C4244: 'argument' : conversion from 'time_t' to 'unsigned int', possible loss of data
         Barbazynca.cpp
         Przedmiot.cpp
     1>c1xx : fatal error C1083: Cannot open source file: '..\..\..\12;00 11.1\Projekt\Projekt\Przedmiot.cpp': No such file or directory
         Miecz.cpp
     1>c1xx : fatal error C1083: Cannot open source file: '..\..\..\12;00 11.1\Projekt\Projekt\Miecz.cpp': No such file or directory
         Generating Code...
     1>Done Building Project "C:\Users\km64\Desktop\programowanie\Projekt_1\Projekt\Projekt\Projekt.vcxproj" (Rebuild target(s)) -- FAILED.

Build FAILED.

Time Elapsed 00:00:04.56
