c:\users\km64\desktop\programowanie\12;00 11.1\projekt\projekt\debug\vc120.pdb
c:\users\km64\desktop\programowanie\12;00 11.1\projekt\projekt\debug\vc120.idb
c:\users\km64\desktop\programowanie\12;00 11.1\projekt\projekt\debug\error.obj
c:\users\km64\desktop\programowanie\12;00 11.1\projekt\projekt\debug\miecz.obj
c:\users\km64\desktop\programowanie\12;00 11.1\projekt\projekt\debug\przedmiot.obj
c:\users\km64\desktop\programowanie\12;00 11.1\projekt\projekt\debug\warunki_error.obj
c:\users\km64\desktop\programowanie\12;00 11.1\projekt\projekt\debug\barbazynca.obj
c:\users\km64\desktop\programowanie\12;00 11.1\projekt\projekt\debug\main.obj
c:\users\km64\desktop\programowanie\12;00 11.1\projekt\projekt\debug\paladyn.obj
c:\users\km64\desktop\programowanie\12;00 11.1\projekt\projekt\debug\postac.obj
c:\users\km64\desktop\programowanie\12;00 11.1\projekt\projekt\debug\potwor.obj
c:\users\km64\desktop\programowanie\12;00 11.1\projekt\projekt\debug\statystyki.obj
c:\users\km64\desktop\programowanie\12;00 11.1\projekt\projekt\debug\wojownik.obj
c:\users\km64\desktop\programowanie\12;00 11.1\projekt\debug\projekt.ilk
c:\users\km64\desktop\programowanie\12;00 11.1\projekt\debug\projekt.exe
c:\users\km64\desktop\programowanie\12;00 11.1\projekt\debug\projekt.pdb
c:\users\km64\desktop\programowanie\12
c:\users\km64\desktop\programowanie\12;00 11.1\projekt\projekt\debug\projekt.tlog\cl.command.1.tlog
c:\users\km64\desktop\programowanie\12;00 11.1\projekt\projekt\debug\projekt.tlog\cl.read.1.tlog
c:\users\km64\desktop\programowanie\12;00 11.1\projekt\projekt\debug\projekt.tlog\cl.write.1.tlog
c:\users\km64\desktop\programowanie\12;00 11.1\projekt\projekt\debug\projekt.tlog\link.command.1.tlog
c:\users\km64\desktop\programowanie\12;00 11.1\projekt\projekt\debug\projekt.tlog\link.read.1.tlog
c:\users\km64\desktop\programowanie\12;00 11.1\projekt\projekt\debug\projekt.tlog\link.write.1.tlog
